Arguments: 
  /Users/mariapaulahernandezfernandez/.nvm/versions/node/v19.7.0/bin/node /Users/mariapaulahernandezfernandez/.nvm/versions/node/v19.7.0/bin/yarn init

PATH: 
  /Users/mariapaulahernandezfernandez/.nvm/versions/node/v19.7.0/bin:/opt/homebrew/bin:/opt/homebrew/sbin:/Library/Frameworks/Python.framework/Versions/3.11/bin:/usr/local/bin:/System/Cryptexes/App/usr/bin:/usr/bin:/bin:/usr/sbin:/sbin:/opt/homebrew/bin:/opt/homebrew/sbin:/Library/Frameworks/Python.framework/Versions/3.11/bin:/Users/mariapaulahernandezfernandez/Users/mariapaulahernandezfernandez/Library/Python/3.9/bin:/Users/mariapaulahernandezfernandez/lsi:/Users/mariapaulahernandezfernandez/cs107e_home/cs107e.github.io/cs107e/bin:/Users/mariapaulahernandezfernandez/Users/mariapaulahernandezfernandez/Library/Python/3.9/bin:/Users/mariapaulahernandezfernandez/lsi:/Users/mariapaulahernandezfernandez/cs107e_home/cs107e.github.io/cs107e/bin:/Users/mariapaulahernandezfernandez/Users/mariapaulahernandezfernandez/Library/Python/3.9/bin:/Users/mariapaulahernandezfernandez/lsi:/Users/mariapaulahernandezfernandez/cs107e_home/cs107e.github.io/cs107e/bin:/Users/mariapaulahernandezfernandez/Users/mariapaulahernandezfernandez/Library/Python/3.9/bin:/Users/mariapaulahernandezfernandez/lsi:/Users/mariapaulahernandezfernandez/cs107e_home/cs107e.github.io/cs107e/bin

Yarn version: 
  1.22.19

Node version: 
  19.7.0

Platform: 
  darwin arm64

Trace: 
  Error: canceled
      at Interface.<anonymous> (/Users/mariapaulahernandezfernandez/.nvm/versions/node/v19.7.0/lib/node_modules/yarn/lib/cli.js:137150:13)
      at Interface.emit (node:events:512:28)
      at [_ttyWrite] [as _ttyWrite] (node:internal/readline/interface:1132:18)
      at ReadStream.onkeypress (node:internal/readline/interface:271:20)
      at ReadStream.emit (node:events:512:28)
      at emitKeys (node:internal/readline/utils:357:14)
      at emitKeys.next (<anonymous>)
      at ReadStream.onData (node:internal/readline/emitKeypressEvents:64:36)
      at ReadStream.emit (node:events:512:28)
      at addChunk (node:internal/streams/readable:324:12)

npm manifest: 
  {
    "name": "malibu",
    "version": "1.0.0",
    "description": "",
    "main": "index.js",
    "scripts": {
      "start": "ts-node --require dotenv/config src/index.ts"
    },
    "author": "Dionysis Zindros",
    "license": "MIT",
    "dependencies": {
      "@noble/ed25519": "^1.7.1",
      "@types/node": "^17.0.23",
      "@types/semver": "^7.3.9",
      "blake2": "^4.1.1",
      "dotenv-safe": "^8.2.0",
      "fast-sha256": "^1.3.0",
      "is-valid-hostname": "^1.0.2",
      "json-canonicalize": "^1.0.4",
      "level-ts": "^2.1.0",
      "net": "^1.0.2",
      "noble-ed25519": "^1.2.6",
      "node-fetch": "^2.6.8",
      "runtypes": "^6.5.1",
      "semver": "^7.3.5",
      "winston": "^3.6.0"
    },
    "devDependencies": {
      "@types/blake2": "^4.0.1",
      "@types/node-fetch": "^2.6.2"
    }
  }

yarn manifest: 
  No manifest

Lockfile: 
  No lockfile
